<?xml version="1.0" encoding="UTF-8"?>
<testng-results skipped="0" failed="0" ignored="0" total="1" passed="1">
  <reporter-output>
  </reporter-output>
  <suite name="Suite" duration-ms="50" started-at="2018-10-17T13:42:53Z" finished-at="2018-10-17T13:42:53Z">
    <groups>
    </groups>
    <test name="Test" duration-ms="50" started-at="2018-10-17T13:42:53Z" finished-at="2018-10-17T13:42:53Z">
      <class name="TestMaven.MavenTest1.NewTest">
        <test-method status="PASS" signature="beforeTest()[pri:0, instance:TestMaven.MavenTest1.NewTest@51081592]" name="beforeTest" is-config="true" duration-ms="20" started-at="2018-10-17T13:42:53Z" finished-at="2018-10-17T13:42:53Z">
          <reporter-output>
          </reporter-output>
        </test-method> <!-- beforeTest -->
        <test-method status="PASS" signature="f()[pri:0, instance:TestMaven.MavenTest1.NewTest@51081592]" name="f" duration-ms="4" started-at="2018-10-17T13:42:53Z" finished-at="2018-10-17T13:42:53Z">
          <reporter-output>
          </reporter-output>
        </test-method> <!-- f -->
        <test-method status="PASS" signature="afterTest()[pri:0, instance:TestMaven.MavenTest1.NewTest@51081592]" name="afterTest" is-config="true" duration-ms="0" started-at="2018-10-17T13:42:53Z" finished-at="2018-10-17T13:42:53Z">
          <reporter-output>
          </reporter-output>
        </test-method> <!-- afterTest -->
      </class> <!-- TestMaven.MavenTest1.NewTest -->
    </test> <!-- Test -->
  </suite> <!-- Suite -->
</testng-results>
